<?xml version="1.0" encoding="UTF-8" ?>
<testsuite errors="0" failures="3" hostname="msi-Modern14" name="ds.LinkedListTest" skipped="0" tests="10" time="0.23" timestamp="2020-05-02T11:32:47">
  <properties>
[...]
</properties>
  <testcase classname="ds.LinkedListTest" name="testGetException" time="0.001" />
  <testcase classname="ds.LinkedListTest" name="testAaddUnElemento" time="0.0" />
  <testcase classname="ds.LinkedListTest" name="testGet" time="0.011">
    <failure message="expected: java.lang.String&lt;primer nodo&gt; but was: ds.LinkedList$ListNode&lt;primer nodo&gt;" type="junit.framework.AssertionFailedError">junit.framework.AssertionFailedError: expected: java.lang.String&lt;primer nodo&gt; but was: ds.LinkedList$ListNode&lt;primer nodo&gt;
	at ds.LinkedListTest.testGet(LinkedListTest.java:110)
	at java.base/jdk.internal.reflect.NativeMethodAccessorImpl.invoke0(Native Method)
	at java.base/jdk.internal.reflect.NativeMethodAccessorImpl.invoke(NativeMethodAccessorImpl.java:62)
	at java.base/jdk.internal.reflect.DelegatingMethodAccessorImpl.invoke(DelegatingMethodAccessorImpl.java:43)
</failure>
  </testcase>
  <testcase classname="ds.LinkedListTest" name="testSize" time="0.001" />
  <testcase classname="ds.LinkedListTest" name="testInsertException" time="0.001" />
  <testcase classname="ds.LinkedListTest" name="testLinkedListDefault" time="0.032" />
  <testcase classname="ds.LinkedListTest" name="testDelete" time="0.0" />
  <testcase classname="ds.LinkedListTest" name="testInsert" time="0.002">
    <failure message="expected:&lt;4&gt; but was:&lt;5&gt;" type="junit.framework.AssertionFailedError">junit.framework.AssertionFailedError: expected:&lt;4&gt; but was:&lt;5&gt;
	at ds.LinkedListTest.testInsert(LinkedListTest.java:129)
	at java.base/jdk.internal.reflect.NativeMethodAccessorImpl.invoke0(Native Method)
	at java.base/jdk.internal.reflect.NativeMethodAccessorImpl.invoke(NativeMethodAccessorImpl.java:62)
	at java.base/jdk.internal.reflect.DelegatingMethodAccessorImpl.invoke(DelegatingMethodAccessorImpl.java:43)
</failure>
  </testcase>
  <testcase classname="ds.LinkedListTest" name="testIndexOf" time="0.0" />
  <testcase classname="ds.LinkedListTest" name="testRemove" time="0.001">
    <failure message="expected:&lt;segundo nodo&gt; but was:&lt;primer nodo&gt;" type="junit.framework.AssertionFailedError">junit.framework.AssertionFailedError: expected:&lt;segundo nodo&gt; but was:&lt;primer nodo&gt;
	at ds.LinkedListTest.testRemove(LinkedListTest.java:86)
	at java.base/jdk.internal.reflect.NativeMethodAccessorImpl.invoke0(Native Method)
	at java.base/jdk.internal.reflect.NativeMethodAccessorImpl.invoke(NativeMethodAccessorImpl.java:62)
	at java.base/jdk.internal.reflect.DelegatingMethodAccessorImpl.invoke(DelegatingMethodAccessorImpl.java:43)
</failure>
  </testcase>
  <system-out><![CDATA[8-> lanza excepcion con get
2-> añadir un elemento
7-> devuelve el nodo localizado en la posición indicada
3-> comprobar tamaño de linkedlist
10-> lanza excepcion con insert
1-> crear linked list sin parametros 
LinkedList{head=null, tail=null, len=0}
4-> comprobar borrado de nodos de la lista, depende de indexOf y remove
9-> inserta un nuevo nodo en la posicion indicada
5-> devuelve la ​posición en la que se encuentra la cadena o -1 si no la encuentra
6-> devuelve la cadena de la posición indicada y la elimina del array
]]></system-out>
  <system-err><![CDATA[]]></system-err>
</testsuite>
